{"ts": "2025-08-28T06:01:33.958183", "level": "INFO", "event": "mstock-backend", "message": "HTTP Request", "method": "GET", "path": "/docs", "status_code": 200, "duration_ms": 0.38}
{"ts": "2025-08-28T06:01:34.370320", "level": "INFO", "event": "mstock-backend", "message": "HTTP Request", "method": "GET", "path": "/openapi.json", "status_code": 200, "duration_ms": 0.67}
{"ts": "2025-08-28T06:02:17.796791", "level": "INFO", "event": "mstock-backend", "message": "HTTP Request", "method": "POST", "path": "/market/ltp", "status_code": 401, "duration_ms": 1.19}
{"ts": "2025-08-28T06:17:58.268920", "level": "INFO", "event": "mstock-backend", "message": "HTTP Request", "method": "GET", "path": "/docs", "status_code": 200, "duration_ms": 0.43}
{"ts": "2025-08-28T06:17:58.542029", "level": "INFO", "event": "mstock-backend", "message": "HTTP Request", "method": "GET", "path": "/openapi.json", "status_code": 200, "duration_ms": 0.59}
{"ts": "2025-08-28T06:23:57.938368", "level": "INFO", "event": "mstock-backend", "message": "MConnect initialized (without session)"}
{"ts": "2025-08-28T06:24:03.033588", "level": "INFO", "event": "mstock-backend", "message": "MConnect initialized (without session)"}
{"ts": "2025-08-28T06:24:37.010689", "level": "INFO", "event": "mstock-backend", "message": "HTTP Request", "method": "POST", "path": "/auth/login", "status_code": 200, "duration_ms": 740.4}
{"ts": "2025-08-28T06:25:15.370857", "level": "ERROR", "event": "mstock-backend", "message": "Auth session error", "exc_info": "Traceback (most recent call last):\n  File \"C:\\Users\\Parikh Agri Laptop\\OneDrive\\Code\\m.Stock Interface\\interface.py\", line 212, in auth_session\n    gen = m.generate_session(settings.M_API_KEY, body.otp, checksum)\n          ^\nNameError: name 'm' is not defined"}
{"ts": "2025-08-28T06:25:15.372307", "level": "INFO", "event": "mstock-backend", "message": "HTTP Request", "method": "POST", "path": "/auth/session", "status_code": 500, "duration_ms": 5.45}
{"ts": "2025-08-28T06:26:00.243192", "level": "INFO", "event": "mstock-backend", "message": "MConnect initialized (without session)"}
{"ts": "2025-08-28T06:26:05.274220", "level": "INFO", "event": "mstock-backend", "message": "MConnect initialized (without session)"}
{"ts": "2025-08-28T06:26:28.321892", "level": "INFO", "event": "mstock-backend", "message": "New session established"}
{"ts": "2025-08-28T06:26:28.323460", "level": "INFO", "event": "mstock-backend", "message": "HTTP Request", "method": "POST", "path": "/auth/session", "status_code": 200, "duration_ms": 630.05}
{"ts": "2025-08-28T06:27:12.256778", "level": "ERROR", "event": "mstock-backend", "message": "Fetching LTP failed", "exc_info": "Traceback (most recent call last):\n  File \"C:\\Users\\Parikh Agri Laptop\\OneDrive\\Code\\m.Stock Interface\\interface.py\", line 395, in get_ltp\n    resp = mconnect.get_ltp(body.instruments)\n  File \"c:\\Users\\Parikh Agri Laptop\\OneDrive\\Code\\m.Stock Interface\\.venv\\Lib\\site-packages\\tradingapi_a\\mconnect.py\", line 316, in get_ltp\n    raise e\n  File \"c:\\Users\\Parikh Agri Laptop\\OneDrive\\Code\\m.Stock Interface\\.venv\\Lib\\site-packages\\tradingapi_a\\mconnect.py\", line 307, in get_ltp\n    get_ltp_data=self._get(\n        route=\"market_ltp\",\n        url_args=None,\n        params=ltp_details\n    )\n  File \"c:\\Users\\Parikh Agri Laptop\\OneDrive\\Code\\m.Stock Interface\\.venv\\Lib\\site-packages\\tradingapi_a\\mconnect.py\", line 477, in _get\n    return self._request(route, \"GET\", url_args=url_args,content_type=content_type, params=params, is_json=is_json)\n           ~~~~~~~~~~~~~^^^^^^^^^^^^^^^^^^^^^^^^^^^^^^^^^^^^^^^^^^^^^^^^^^^^^^^^^^^^^^^^^^^^^^^^^^^^^^^^^^^^^^^^^^^\n  File \"c:\\Users\\Parikh Agri Laptop\\OneDrive\\Code\\m.Stock Interface\\.venv\\Lib\\site-packages\\tradingapi_a\\mconnect.py\", line 561, in _request\n    raise exp(data[\"message\"], code=response_data.status_code)\ntradingapi_a.exceptions.InputException: Invalid symbol. Scrip Name 'reliance' not found in exchange file."}
{"ts": "2025-08-28T06:27:12.258814", "level": "INFO", "event": "mstock-backend", "message": "HTTP Request", "method": "POST", "path": "/market/ltp", "status_code": 400, "duration_ms": 189.53}
{"ts": "2025-08-28T06:27:39.895717", "level": "INFO", "event": "mstock-backend", "message": "HTTP Request", "method": "POST", "path": "/market/ltp", "status_code": 200, "duration_ms": 108.94}
{"ts": "2025-08-28T07:02:43.271287", "level": "INFO", "event": "mstock-backend", "message": "MConnect initialized (without session)"}
{"ts": "2025-08-28T07:02:48.329496", "level": "INFO", "event": "mstock-backend", "message": "MConnect initialized (without session)"}
{"ts": "2025-08-28T07:31:43.957347", "level": "ERROR", "event": "mstock-backend", "message": "Fetching LTP failed", "exc_info": "Traceback (most recent call last):\n  File \"C:\\Users\\Parikh Agri Laptop\\OneDrive\\Code\\m.Stock Interface\\interface.py\", line 390, in get_ltp\n    resp = mconnect.get_ltp(body.instruments)\n  File \"c:\\Users\\Parikh Agri Laptop\\OneDrive\\Code\\m.Stock Interface\\.venv\\Lib\\site-packages\\tradingapi_a\\mconnect.py\", line 316, in get_ltp\n    raise e\n  File \"c:\\Users\\Parikh Agri Laptop\\OneDrive\\Code\\m.Stock Interface\\.venv\\Lib\\site-packages\\tradingapi_a\\mconnect.py\", line 307, in get_ltp\n    get_ltp_data=self._get(\n        route=\"market_ltp\",\n        url_args=None,\n        params=ltp_details\n    )\n  File \"c:\\Users\\Parikh Agri Laptop\\OneDrive\\Code\\m.Stock Interface\\.venv\\Lib\\site-packages\\tradingapi_a\\mconnect.py\", line 477, in _get\n    return self._request(route, \"GET\", url_args=url_args,content_type=content_type, params=params, is_json=is_json)\n           ~~~~~~~~~~~~~^^^^^^^^^^^^^^^^^^^^^^^^^^^^^^^^^^^^^^^^^^^^^^^^^^^^^^^^^^^^^^^^^^^^^^^^^^^^^^^^^^^^^^^^^^^\n  File \"c:\\Users\\Parikh Agri Laptop\\OneDrive\\Code\\m.Stock Interface\\.venv\\Lib\\site-packages\\tradingapi_a\\mconnect.py\", line 561, in _request\n    raise exp(data[\"message\"], code=response_data.status_code)\ntradingapi_a.exceptions.TokenException: Incorrect auth. Please try again."}
{"ts": "2025-08-28T07:31:43.961380", "level": "INFO", "event": "mstock-backend", "message": "HTTP Request", "method": "POST", "path": "/market/ltp", "status_code": 400, "duration_ms": 548.33}
{"ts": "2025-08-28T07:38:08.713503", "level": "INFO", "event": "mstock-backend", "message": "MConnect initialized (without session)"}
{"ts": "2025-08-28T07:39:10.474093", "level": "INFO", "event": "mstock-backend", "message": "HTTP Request", "method": "POST", "path": "/auth/login", "status_code": 200, "duration_ms": 622.94}
{"ts": "2025-08-28T07:39:37.765409", "level": "INFO", "event": "mstock-backend", "message": "New session established"}
{"ts": "2025-08-28T07:39:37.767124", "level": "INFO", "event": "mstock-backend", "message": "HTTP Request", "method": "POST", "path": "/auth/session", "status_code": 200, "duration_ms": 220.82}
{"ts": "2025-08-28T07:40:19.035217", "level": "ERROR", "event": "mstock-backend", "message": "Fetching LTP failed", "exc_info": "Traceback (most recent call last):\n  File \"C:\\Users\\Parikh Agri Laptop\\OneDrive\\Code\\m.Stock Interface\\interface.py\", line 390, in get_ltp\n    resp = mconnect.get_ltp(body.instruments)\n  File \"c:\\Users\\Parikh Agri Laptop\\OneDrive\\Code\\m.Stock Interface\\.venv\\Lib\\site-packages\\tradingapi_a\\mconnect.py\", line 316, in get_ltp\n    raise e\n  File \"c:\\Users\\Parikh Agri Laptop\\OneDrive\\Code\\m.Stock Interface\\.venv\\Lib\\site-packages\\tradingapi_a\\mconnect.py\", line 307, in get_ltp\n    get_ltp_data=self._get(\n        route=\"market_ltp\",\n        url_args=None,\n        params=ltp_details\n    )\n  File \"c:\\Users\\Parikh Agri Laptop\\OneDrive\\Code\\m.Stock Interface\\.venv\\Lib\\site-packages\\tradingapi_a\\mconnect.py\", line 477, in _get\n    return self._request(route, \"GET\", url_args=url_args,content_type=content_type, params=params, is_json=is_json)\n           ~~~~~~~~~~~~~^^^^^^^^^^^^^^^^^^^^^^^^^^^^^^^^^^^^^^^^^^^^^^^^^^^^^^^^^^^^^^^^^^^^^^^^^^^^^^^^^^^^^^^^^^^\n  File \"c:\\Users\\Parikh Agri Laptop\\OneDrive\\Code\\m.Stock Interface\\.venv\\Lib\\site-packages\\tradingapi_a\\mconnect.py\", line 561, in _request\n    raise exp(data[\"message\"], code=response_data.status_code)\ntradingapi_a.exceptions.InputException: Invalid symbol. Scrip Name 'NIFTY28AUG2524600CE' not found in exchange file."}
{"ts": "2025-08-28T07:40:19.038725", "level": "INFO", "event": "mstock-backend", "message": "HTTP Request", "method": "POST", "path": "/market/ltp", "status_code": 400, "duration_ms": 155.93}
{"ts": "2025-08-28T07:51:33.635774", "level": "INFO", "event": "mstock-backend", "message": "MConnect initialized (without session)"}
{"ts": "2025-08-28T07:51:38.794114", "level": "INFO", "event": "mstock-backend", "message": "MConnect initialized (without session)"}
{"ts": "2025-08-28T07:52:06.457841", "level": "INFO", "event": "mstock-backend", "message": "HTTP Request", "method": "POST", "path": "/auth/login", "status_code": 200, "duration_ms": 855.45}
{"ts": "2025-08-28T07:52:26.992104", "level": "INFO", "event": "mstock-backend", "message": "New session established"}
{"ts": "2025-08-28T07:52:27.000078", "level": "INFO", "event": "mstock-backend", "message": "HTTP Request", "method": "POST", "path": "/auth/session", "status_code": 200, "duration_ms": 309.53}
{"ts": "2025-08-28T08:03:45.779363", "level": "INFO", "event": "mstock-backend", "message": "MConnect initialized (without session)"}
{"ts": "2025-08-28T08:03:48.830242", "level": "INFO", "event": "mstock-backend", "message": "MConnect initialized (without session)"}
{"ts": "2025-08-28T08:13:00.475459", "level": "INFO", "event": "mstock-backend", "message": "MConnect initialized (without session)"}
{"ts": "2025-08-28T08:13:48.049753", "level": "INFO", "event": "mstock-backend", "message": "MConnect initialized (with session)"}
{"ts": "2025-08-28T08:14:20.892021", "level": "ERROR", "event": "mstock-backend", "message": "Fetching LTP failed", "exc_info": "Traceback (most recent call last):\n  File \"c:\\Users\\Parikh Agri Laptop\\OneDrive\\Code\\m.Stock Interface\\.venv\\Lib\\site-packages\\urllib3\\connection.py\", line 198, in _new_conn\n    sock = connection.create_connection(\n        (self._dns_host, self.port),\n    ...<2 lines>...\n        socket_options=self.socket_options,\n    )\n  File \"c:\\Users\\Parikh Agri Laptop\\OneDrive\\Code\\m.Stock Interface\\.venv\\Lib\\site-packages\\urllib3\\util\\connection.py\", line 60, in create_connection\n    for res in socket.getaddrinfo(host, port, family, socket.SOCK_STREAM):\n               ~~~~~~~~~~~~~~~~~~^^^^^^^^^^^^^^^^^^^^^^^^^^^^^^^^^^^^^^^^\n  File \"C:\\Python313\\Lib\\socket.py\", line 977, in getaddrinfo\n    for res in _socket.getaddrinfo(host, port, family, type, proto, flags):\n               ~~~~~~~~~~~~~~~~~~~^^^^^^^^^^^^^^^^^^^^^^^^^^^^^^^^^^^^^^^^\nsocket.gaierror: [Errno 11001] getaddrinfo failed\n\nThe above exception was the direct cause of the following exception:\n\nTraceback (most recent call last):\n  File \"c:\\Users\\Parikh Agri Laptop\\OneDrive\\Code\\m.Stock Interface\\.venv\\Lib\\site-packages\\urllib3\\connectionpool.py\", line 787, in urlopen\n    response = self._make_request(\n        conn,\n    ...<10 lines>...\n        **response_kw,\n    )\n  File \"c:\\Users\\Parikh Agri Laptop\\OneDrive\\Code\\m.Stock Interface\\.venv\\Lib\\site-packages\\urllib3\\connectionpool.py\", line 488, in _make_request\n    raise new_e\n  File \"c:\\Users\\Parikh Agri Laptop\\OneDrive\\Code\\m.Stock Interface\\.venv\\Lib\\site-packages\\urllib3\\connectionpool.py\", line 464, in _make_request\n    self._validate_conn(conn)\n    ~~~~~~~~~~~~~~~~~~~^^^^^^\n  File \"c:\\Users\\Parikh Agri Laptop\\OneDrive\\Code\\m.Stock Interface\\.venv\\Lib\\site-packages\\urllib3\\connectionpool.py\", line 1093, in _validate_conn\n    conn.connect()\n    ~~~~~~~~~~~~^^\n  File \"c:\\Users\\Parikh Agri Laptop\\OneDrive\\Code\\m.Stock Interface\\.venv\\Lib\\site-packages\\urllib3\\connection.py\", line 753, in connect\n    self.sock = sock = self._new_conn()\n                       ~~~~~~~~~~~~~~^^\n  File \"c:\\Users\\Parikh Agri Laptop\\OneDrive\\Code\\m.Stock Interface\\.venv\\Lib\\site-packages\\urllib3\\connection.py\", line 205, in _new_conn\n    raise NameResolutionError(self.host, self, e) from e\nurllib3.exceptions.NameResolutionError: <urllib3.connection.HTTPSConnection object at 0x000002B9FDA738C0>: Failed to resolve 'api.mstock.trade' ([Errno 11001] getaddrinfo failed)\n\nThe above exception was the direct cause of the following exception:\n\nTraceback (most recent call last):\n  File \"c:\\Users\\Parikh Agri Laptop\\OneDrive\\Code\\m.Stock Interface\\.venv\\Lib\\site-packages\\requests\\adapters.py\", line 644, in send\n    resp = conn.urlopen(\n        method=request.method,\n    ...<9 lines>...\n        chunked=chunked,\n    )\n  File \"c:\\Users\\Parikh Agri Laptop\\OneDrive\\Code\\m.Stock Interface\\.venv\\Lib\\site-packages\\urllib3\\connectionpool.py\", line 841, in urlopen\n    retries = retries.increment(\n        method, url, error=new_e, _pool=self, _stacktrace=sys.exc_info()[2]\n    )\n  File \"c:\\Users\\Parikh Agri Laptop\\OneDrive\\Code\\m.Stock Interface\\.venv\\Lib\\site-packages\\urllib3\\util\\retry.py\", line 519, in increment\n    raise MaxRetryError(_pool, url, reason) from reason  # type: ignore[arg-type]\n    ^^^^^^^^^^^^^^^^^^^^^^^^^^^^^^^^^^^^^^^^^^^^^^^^^^^\nurllib3.exceptions.MaxRetryError: HTTPSConnectionPool(host='api.mstock.trade', port=443): Max retries exceeded with url: /openapi/typea/instruments/quote/ltp?i=NSE%3ASBIN (Caused by NameResolutionError(\"<urllib3.connection.HTTPSConnection object at 0x000002B9FDA738C0>: Failed to resolve 'api.mstock.trade' ([Errno 11001] getaddrinfo failed)\"))\n\nDuring handling of the above exception, another exception occurred:\n\nTraceback (most recent call last):\n  File \"C:\\Users\\Parikh Agri Laptop\\OneDrive\\Code\\m.Stock Interface\\interface.py\", line 401, in get_ltp\n    resp = mconnect.get_ltp(body.instruments)\n  File \"c:\\Users\\Parikh Agri Laptop\\OneDrive\\Code\\m.Stock Interface\\.venv\\Lib\\site-packages\\tradingapi_a\\mconnect.py\", line 316, in get_ltp\n    raise e\n  File \"c:\\Users\\Parikh Agri Laptop\\OneDrive\\Code\\m.Stock Interface\\.venv\\Lib\\site-packages\\tradingapi_a\\mconnect.py\", line 307, in get_ltp\n    get_ltp_data=self._get(\n        route=\"market_ltp\",\n        url_args=None,\n        params=ltp_details\n    )\n  File \"c:\\Users\\Parikh Agri Laptop\\OneDrive\\Code\\m.Stock Interface\\.venv\\Lib\\site-packages\\tradingapi_a\\mconnect.py\", line 477, in _get\n    return self._request(route, \"GET\", url_args=url_args,content_type=content_type, params=params, is_json=is_json)\n           ~~~~~~~~~~~~~^^^^^^^^^^^^^^^^^^^^^^^^^^^^^^^^^^^^^^^^^^^^^^^^^^^^^^^^^^^^^^^^^^^^^^^^^^^^^^^^^^^^^^^^^^^\n  File \"c:\\Users\\Parikh Agri Laptop\\OneDrive\\Code\\m.Stock Interface\\.venv\\Lib\\site-packages\\tradingapi_a\\mconnect.py\", line 536, in _request\n    raise e\n  File \"c:\\Users\\Parikh Agri Laptop\\OneDrive\\Code\\m.Stock Interface\\.venv\\Lib\\site-packages\\tradingapi_a\\mconnect.py\", line 526, in _request\n    response_data = self.request_session.request(method,\n                                url,\n    ...<5 lines>...\n                                allow_redirects=True,\n                                timeout=self.timeout)\n  File \"c:\\Users\\Parikh Agri Laptop\\OneDrive\\Code\\m.Stock Interface\\.venv\\Lib\\site-packages\\requests\\sessions.py\", line 589, in request\n    resp = self.send(prep, **send_kwargs)\n  File \"c:\\Users\\Parikh Agri Laptop\\OneDrive\\Code\\m.Stock Interface\\.venv\\Lib\\site-packages\\requests\\sessions.py\", line 703, in send\n    r = adapter.send(request, **kwargs)\n  File \"c:\\Users\\Parikh Agri Laptop\\OneDrive\\Code\\m.Stock Interface\\.venv\\Lib\\site-packages\\requests\\adapters.py\", line 677, in send\n    raise ConnectionError(e, request=request)\nrequests.exceptions.ConnectionError: HTTPSConnectionPool(host='api.mstock.trade', port=443): Max retries exceeded with url: /openapi/typea/instruments/quote/ltp?i=NSE%3ASBIN (Caused by NameResolutionError(\"<urllib3.connection.HTTPSConnection object at 0x000002B9FDA738C0>: Failed to resolve 'api.mstock.trade' ([Errno 11001] getaddrinfo failed)\"))"}
{"ts": "2025-08-28T08:14:20.900545", "level": "INFO", "event": "mstock-backend", "message": "HTTP Request", "method": "POST", "path": "/market/ltp", "status_code": 400, "duration_ms": 156.72}
{"ts": "2025-08-28T08:14:42.587213", "level": "INFO", "event": "mstock-backend", "message": "HTTP Request", "method": "GET", "path": "/docs", "status_code": 200, "duration_ms": 0.69}
{"ts": "2025-08-28T08:14:42.801014", "level": "INFO", "event": "mstock-backend", "message": "HTTP Request", "method": "GET", "path": "/openapi.json", "status_code": 200, "duration_ms": 23.93}
{"ts": "2025-08-28T08:15:20.690013", "level": "INFO", "event": "mstock-backend", "message": "HTTP Request", "method": "POST", "path": "/market/ltp", "status_code": 401, "duration_ms": 1.46}
{"ts": "2025-08-28T08:15:35.867710", "level": "ERROR", "event": "mstock-backend", "message": "Fetching LTP failed", "exc_info": "Traceback (most recent call last):\n  File \"c:\\Users\\Parikh Agri Laptop\\OneDrive\\Code\\m.Stock Interface\\.venv\\Lib\\site-packages\\urllib3\\connection.py\", line 198, in _new_conn\n    sock = connection.create_connection(\n        (self._dns_host, self.port),\n    ...<2 lines>...\n        socket_options=self.socket_options,\n    )\n  File \"c:\\Users\\Parikh Agri Laptop\\OneDrive\\Code\\m.Stock Interface\\.venv\\Lib\\site-packages\\urllib3\\util\\connection.py\", line 60, in create_connection\n    for res in socket.getaddrinfo(host, port, family, socket.SOCK_STREAM):\n               ~~~~~~~~~~~~~~~~~~^^^^^^^^^^^^^^^^^^^^^^^^^^^^^^^^^^^^^^^^\n  File \"C:\\Python313\\Lib\\socket.py\", line 977, in getaddrinfo\n    for res in _socket.getaddrinfo(host, port, family, type, proto, flags):\n               ~~~~~~~~~~~~~~~~~~~^^^^^^^^^^^^^^^^^^^^^^^^^^^^^^^^^^^^^^^^\nsocket.gaierror: [Errno 11001] getaddrinfo failed\n\nThe above exception was the direct cause of the following exception:\n\nTraceback (most recent call last):\n  File \"c:\\Users\\Parikh Agri Laptop\\OneDrive\\Code\\m.Stock Interface\\.venv\\Lib\\site-packages\\urllib3\\connectionpool.py\", line 787, in urlopen\n    response = self._make_request(\n        conn,\n    ...<10 lines>...\n        **response_kw,\n    )\n  File \"c:\\Users\\Parikh Agri Laptop\\OneDrive\\Code\\m.Stock Interface\\.venv\\Lib\\site-packages\\urllib3\\connectionpool.py\", line 488, in _make_request\n    raise new_e\n  File \"c:\\Users\\Parikh Agri Laptop\\OneDrive\\Code\\m.Stock Interface\\.venv\\Lib\\site-packages\\urllib3\\connectionpool.py\", line 464, in _make_request\n    self._validate_conn(conn)\n    ~~~~~~~~~~~~~~~~~~~^^^^^^\n  File \"c:\\Users\\Parikh Agri Laptop\\OneDrive\\Code\\m.Stock Interface\\.venv\\Lib\\site-packages\\urllib3\\connectionpool.py\", line 1093, in _validate_conn\n    conn.connect()\n    ~~~~~~~~~~~~^^\n  File \"c:\\Users\\Parikh Agri Laptop\\OneDrive\\Code\\m.Stock Interface\\.venv\\Lib\\site-packages\\urllib3\\connection.py\", line 753, in connect\n    self.sock = sock = self._new_conn()\n                       ~~~~~~~~~~~~~~^^\n  File \"c:\\Users\\Parikh Agri Laptop\\OneDrive\\Code\\m.Stock Interface\\.venv\\Lib\\site-packages\\urllib3\\connection.py\", line 205, in _new_conn\n    raise NameResolutionError(self.host, self, e) from e\nurllib3.exceptions.NameResolutionError: <urllib3.connection.HTTPSConnection object at 0x000002B9FDA77D90>: Failed to resolve 'api.mstock.trade' ([Errno 11001] getaddrinfo failed)\n\nThe above exception was the direct cause of the following exception:\n\nTraceback (most recent call last):\n  File \"c:\\Users\\Parikh Agri Laptop\\OneDrive\\Code\\m.Stock Interface\\.venv\\Lib\\site-packages\\requests\\adapters.py\", line 644, in send\n    resp = conn.urlopen(\n        method=request.method,\n    ...<9 lines>...\n        chunked=chunked,\n    )\n  File \"c:\\Users\\Parikh Agri Laptop\\OneDrive\\Code\\m.Stock Interface\\.venv\\Lib\\site-packages\\urllib3\\connectionpool.py\", line 841, in urlopen\n    retries = retries.increment(\n        method, url, error=new_e, _pool=self, _stacktrace=sys.exc_info()[2]\n    )\n  File \"c:\\Users\\Parikh Agri Laptop\\OneDrive\\Code\\m.Stock Interface\\.venv\\Lib\\site-packages\\urllib3\\util\\retry.py\", line 519, in increment\n    raise MaxRetryError(_pool, url, reason) from reason  # type: ignore[arg-type]\n    ^^^^^^^^^^^^^^^^^^^^^^^^^^^^^^^^^^^^^^^^^^^^^^^^^^^\nurllib3.exceptions.MaxRetryError: HTTPSConnectionPool(host='api.mstock.trade', port=443): Max retries exceeded with url: /openapi/typea/instruments/quote/ltp?i=NSE%3ASBIN (Caused by NameResolutionError(\"<urllib3.connection.HTTPSConnection object at 0x000002B9FDA77D90>: Failed to resolve 'api.mstock.trade' ([Errno 11001] getaddrinfo failed)\"))\n\nDuring handling of the above exception, another exception occurred:\n\nTraceback (most recent call last):\n  File \"C:\\Users\\Parikh Agri Laptop\\OneDrive\\Code\\m.Stock Interface\\interface.py\", line 401, in get_ltp\n    resp = mconnect.get_ltp(body.instruments)\n  File \"c:\\Users\\Parikh Agri Laptop\\OneDrive\\Code\\m.Stock Interface\\.venv\\Lib\\site-packages\\tradingapi_a\\mconnect.py\", line 316, in get_ltp\n    raise e\n  File \"c:\\Users\\Parikh Agri Laptop\\OneDrive\\Code\\m.Stock Interface\\.venv\\Lib\\site-packages\\tradingapi_a\\mconnect.py\", line 307, in get_ltp\n    get_ltp_data=self._get(\n        route=\"market_ltp\",\n        url_args=None,\n        params=ltp_details\n    )\n  File \"c:\\Users\\Parikh Agri Laptop\\OneDrive\\Code\\m.Stock Interface\\.venv\\Lib\\site-packages\\tradingapi_a\\mconnect.py\", line 477, in _get\n    return self._request(route, \"GET\", url_args=url_args,content_type=content_type, params=params, is_json=is_json)\n           ~~~~~~~~~~~~~^^^^^^^^^^^^^^^^^^^^^^^^^^^^^^^^^^^^^^^^^^^^^^^^^^^^^^^^^^^^^^^^^^^^^^^^^^^^^^^^^^^^^^^^^^^\n  File \"c:\\Users\\Parikh Agri Laptop\\OneDrive\\Code\\m.Stock Interface\\.venv\\Lib\\site-packages\\tradingapi_a\\mconnect.py\", line 536, in _request\n    raise e\n  File \"c:\\Users\\Parikh Agri Laptop\\OneDrive\\Code\\m.Stock Interface\\.venv\\Lib\\site-packages\\tradingapi_a\\mconnect.py\", line 526, in _request\n    response_data = self.request_session.request(method,\n                                url,\n    ...<5 lines>...\n                                allow_redirects=True,\n                                timeout=self.timeout)\n  File \"c:\\Users\\Parikh Agri Laptop\\OneDrive\\Code\\m.Stock Interface\\.venv\\Lib\\site-packages\\requests\\sessions.py\", line 589, in request\n    resp = self.send(prep, **send_kwargs)\n  File \"c:\\Users\\Parikh Agri Laptop\\OneDrive\\Code\\m.Stock Interface\\.venv\\Lib\\site-packages\\requests\\sessions.py\", line 703, in send\n    r = adapter.send(request, **kwargs)\n  File \"c:\\Users\\Parikh Agri Laptop\\OneDrive\\Code\\m.Stock Interface\\.venv\\Lib\\site-packages\\requests\\adapters.py\", line 677, in send\n    raise ConnectionError(e, request=request)\nrequests.exceptions.ConnectionError: HTTPSConnectionPool(host='api.mstock.trade', port=443): Max retries exceeded with url: /openapi/typea/instruments/quote/ltp?i=NSE%3ASBIN (Caused by NameResolutionError(\"<urllib3.connection.HTTPSConnection object at 0x000002B9FDA77D90>: Failed to resolve 'api.mstock.trade' ([Errno 11001] getaddrinfo failed)\"))"}
{"ts": "2025-08-28T08:15:35.874368", "level": "INFO", "event": "mstock-backend", "message": "HTTP Request", "method": "POST", "path": "/market/ltp", "status_code": 400, "duration_ms": 26.8}
{"ts": "2025-08-28T08:19:51.466838", "level": "INFO", "event": "mstock-backend", "message": "MConnect initialized (with session)"}
{"ts": "2025-08-28T08:21:04.326054", "level": "INFO", "event": "mstock-backend", "message": "HTTP Request", "method": "POST", "path": "/market/ltp", "status_code": 200, "duration_ms": 997.28}
{"ts": "2025-08-28T08:27:59.780103", "level": "ERROR", "event": "mstock-backend", "message": "Fetching instruments failed", "exc_info": "Traceback (most recent call last):\n  File \"C:\\Users\\Parikh Agri Laptop\\OneDrive\\Code\\m.Stock Interface\\interface.py\", line 446, in get_instruments\n    split_data=resp.text.split(\"\\n\")\n               ^^^^^^^^^\nAttributeError: 'bytes' object has no attribute 'text'"}
{"ts": "2025-08-28T08:27:59.782255", "level": "INFO", "event": "mstock-backend", "message": "HTTP Request", "method": "GET", "path": "/market/instruments", "status_code": 400, "duration_ms": 21638.05}
{"ts": "2025-08-28T08:35:07.971417", "level": "INFO", "event": "mstock-backend", "message": "MConnect initialized (with session)"}
{"ts": "2025-08-28T08:35:13.039214", "level": "INFO", "event": "mstock-backend", "message": "MConnect initialized (with session)"}
{"ts": "2025-08-28T08:35:51.423211", "level": "ERROR", "event": "mstock-backend", "message": "Fetching instruments failed", "exc_info": "Traceback (most recent call last):\n  File \"C:\\Users\\Parikh Agri Laptop\\OneDrive\\Code\\m.Stock Interface\\interface.py\", line 451, in get_instruments\n    split_data=resp.text.split(\"\\n\")\n               ^^^^^^^^^\nAttributeError: 'bytes' object has no attribute 'text'"}
{"ts": "2025-08-28T08:35:51.425391", "level": "INFO", "event": "mstock-backend", "message": "HTTP Request", "method": "GET", "path": "/market/instruments", "status_code": 400, "duration_ms": 18438.99}
{"ts": "2025-08-28T08:37:29.030209", "level": "INFO", "event": "mstock-backend", "message": "MConnect initialized (with session)"}
{"ts": "2025-08-28T08:37:34.156087", "level": "INFO", "event": "mstock-backend", "message": "MConnect initialized (with session)"}
{"ts": "2025-08-28T08:38:08.794025", "level": "INFO", "event": "mstock-backend", "message": "HTTP Request", "method": "GET", "path": "/market/instruments", "status_code": 200, "duration_ms": 19333.6}
{"ts": "2025-08-28T08:43:01.230829", "level": "INFO", "event": "mstock-backend", "message": "HTTP Request", "method": "POST", "path": "/market/ltp", "status_code": 200, "duration_ms": 574.06}
{"ts": "2025-08-28T09:33:13.863825", "level": "INFO", "event": "mstock-backend", "message": "HTTP Request", "method": "POST", "path": "/market/ltp", "status_code": 200, "duration_ms": 608.68}
{"ts": "2025-08-28T09:33:31.117909", "level": "INFO", "event": "mstock-backend", "message": "HTTP Request", "method": "POST", "path": "/market/ltp", "status_code": 200, "duration_ms": 203.42}
{"ts": "2025-08-28T09:33:48.278206", "level": "INFO", "event": "mstock-backend", "message": "HTTP Request", "method": "POST", "path": "/market/ltp", "status_code": 200, "duration_ms": 123.8}
{"ts": "2025-08-28T10:09:27.083865", "level": "INFO", "event": "mstock-backend", "message": "HTTP Request", "method": "POST", "path": "/market/ltp", "status_code": 200, "duration_ms": 603.0}
{"ts": "2025-08-28T10:11:35.250017", "level": "INFO", "event": "mstock-backend", "message": "MConnect initialized (with session)"}
{"ts": "2025-08-28T10:11:38.485157", "level": "INFO", "event": "mstock-backend", "message": "MConnect initialized (with session)"}
{"ts": "2025-08-28T10:11:50.646052", "level": "INFO", "event": "mstock-backend", "message": "HTTP Request", "method": "POST", "path": "/market/ltp", "status_code": 200, "duration_ms": 677.6}
{"ts": "2025-08-28T10:15:33.515683", "level": "INFO", "event": "mstock-backend", "message": "MConnect initialized (with session)"}
{"ts": "2025-08-28T10:15:38.734478", "level": "INFO", "event": "mstock-backend", "message": "MConnect initialized (with session)"}
{"ts": "2025-08-28T10:15:48.007270", "level": "INFO", "event": "mstock-backend", "message": "HTTP Request", "method": "POST", "path": "/market/ltp", "status_code": 200, "duration_ms": 871.05}
